Build started 03.03.2015 12:20:55.
     1>Project "F:\myprogs\C++\easyprogs\ifelse\ifelse\ifelse.vcxproj" on node 2 (build target(s)).
     1>InitializeBuildStatus:
         Creating "Debug\ifelse.unsuccessfulbuild" because "AlwaysCreate" was specified.
       ClCompile:
         F:\Program Files\Microsoft Visual Studio 10.0\VC\bin\CL.exe /c /ZI /nologo /W3 /WX- /Od /Oy- /D WIN32 /D _DEBUG /D _CONSOLE /D _UNICODE /D UNICODE /Gm /EHsc /RTC1 /MDd /GS /fp:precise /Zc:wchar_t /Zc:forScope /Fo"Debug\\" /Fd"Debug\vc100.pdb" /Gd /TP /analyze- /errorReport:prompt code.cpp
         code.cpp
       ManifestResourceCompile:
         All outputs are up-to-date.
       Link:
         F:\Program Files\Microsoft Visual Studio 10.0\VC\bin\link.exe /ERRORREPORT:PROMPT /OUT:"F:\myprogs\C++\easyprogs\ifelse\Debug\ifelse.exe" /INCREMENTAL /NOLOGO kernel32.lib user32.lib gdi32.lib winspool.lib comdlg32.lib advapi32.lib shell32.lib ole32.lib oleaut32.lib uuid.lib odbc32.lib odbccp32.lib /MANIFEST /ManifestFile:"Debug\ifelse.exe.intermediate.manifest" /MANIFESTUAC:"level='asInvoker' uiAccess='false'" /DEBUG /PDB:"F:\myprogs\C++\easyprogs\ifelse\Debug\ifelse.pdb" /SUBSYSTEM:CONSOLE /TLBID:1 /DYNAMICBASE /NXCOMPAT /IMPLIB:"F:\myprogs\C++\easyprogs\ifelse\Debug\ifelse.lib" /MACHINE:X86 Debug\ifelse.exe.embed.manifest.res
         Debug\code.obj
       Manifest:
         C:\Program Files\Microsoft SDKs\Windows\v7.0A\bin\mt.exe /nologo /verbose /out:"Debug\ifelse.exe.embed.manifest" /manifest Debug\ifelse.exe.intermediate.manifest
         All outputs are up-to-date.
       LinkEmbedManifest:
         All outputs are up-to-date.
         ifelse.vcxproj -> F:\myprogs\C++\easyprogs\ifelse\Debug\ifelse.exe
       FinalizeBuildStatus:
         Deleting file "Debug\ifelse.unsuccessfulbuild".
         Touching "Debug\ifelse.lastbuildstate".
     1>Done Building Project "F:\myprogs\C++\easyprogs\ifelse\ifelse\ifelse.vcxproj" (build target(s)).

Build succeeded.

Time Elapsed 00:00:00.73
