Build started 05.03.2015 18:16:20.
     1>Project "F:\myprogs\C++\easyprogs\easyprogs\ab\ab\ab.vcxproj" on node 2 (build target(s)).
     1>PrepareForBuild:
         Creating directory "F:\myprogs\C++\easyprogs\easyprogs\ab\Debug\".
       InitializeBuildStatus:
         Creating "Debug\ab.unsuccessfulbuild" because "AlwaysCreate" was specified.
       ClCompile:
         F:\Program Files\Microsoft Visual Studio 10.0\VC\bin\CL.exe /c /ZI /nologo /W3 /WX- /Od /Oy- /D WIN32 /D _DEBUG /D _CONSOLE /D _UNICODE /D UNICODE /Gm /EHsc /RTC1 /MDd /GS /fp:precise /Zc:wchar_t /Zc:forScope /Fo"Debug\\" /Fd"Debug\vc100.pdb" /Gd /TP /analyze- /errorReport:prompt ab.cpp
         ab.cpp
       ManifestResourceCompile:
         C:\Program Files\Microsoft SDKs\Windows\v7.0A\bin\rc.exe /nologo /fo"Debug\ab.exe.embed.manifest.res" Debug\ab_manifest.rc 
       Link:
         F:\Program Files\Microsoft Visual Studio 10.0\VC\bin\link.exe /ERRORREPORT:PROMPT /OUT:"F:\myprogs\C++\easyprogs\easyprogs\ab\Debug\ab.exe" /INCREMENTAL /NOLOGO kernel32.lib user32.lib gdi32.lib winspool.lib comdlg32.lib advapi32.lib shell32.lib ole32.lib oleaut32.lib uuid.lib odbc32.lib odbccp32.lib /MANIFEST /ManifestFile:"Debug\ab.exe.intermediate.manifest" /MANIFESTUAC:"level='asInvoker' uiAccess='false'" /DEBUG /PDB:"F:\myprogs\C++\easyprogs\easyprogs\ab\Debug\ab.pdb" /SUBSYSTEM:CONSOLE /TLBID:1 /DYNAMICBASE /NXCOMPAT /IMPLIB:"F:\myprogs\C++\easyprogs\easyprogs\ab\Debug\ab.lib" /MACHINE:X86 Debug\ab.exe.embed.manifest.res
         Debug\ab.obj
       Manifest:
         C:\Program Files\Microsoft SDKs\Windows\v7.0A\bin\mt.exe /nologo /verbose /out:"Debug\ab.exe.embed.manifest" /manifest Debug\ab.exe.intermediate.manifest
         C:\Program Files\Microsoft SDKs\Windows\v7.0A\bin\rc.exe /nologo /fo"Debug\ab.exe.embed.manifest.res" Debug\ab_manifest.rc 
       LinkEmbedManifest:
         F:\Program Files\Microsoft Visual Studio 10.0\VC\bin\link.exe /ERRORREPORT:PROMPT /OUT:"F:\myprogs\C++\easyprogs\easyprogs\ab\Debug\ab.exe" /INCREMENTAL /NOLOGO kernel32.lib user32.lib gdi32.lib winspool.lib comdlg32.lib advapi32.lib shell32.lib ole32.lib oleaut32.lib uuid.lib odbc32.lib odbccp32.lib /MANIFEST /ManifestFile:"Debug\ab.exe.intermediate.manifest" /MANIFESTUAC:"level='asInvoker' uiAccess='false'" /DEBUG /PDB:"F:\myprogs\C++\easyprogs\easyprogs\ab\Debug\ab.pdb" /SUBSYSTEM:CONSOLE /TLBID:1 /DYNAMICBASE /NXCOMPAT /IMPLIB:"F:\myprogs\C++\easyprogs\easyprogs\ab\Debug\ab.lib" /MACHINE:X86 Debug\ab.exe.embed.manifest.res
         Debug\ab.obj
         ab.vcxproj -> F:\myprogs\C++\easyprogs\easyprogs\ab\Debug\ab.exe
       FinalizeBuildStatus:
         Deleting file "Debug\ab.unsuccessfulbuild".
         Touching "Debug\ab.lastbuildstate".
     1>Done Building Project "F:\myprogs\C++\easyprogs\easyprogs\ab\ab\ab.vcxproj" (build target(s)).

Build succeeded.

Time Elapsed 00:00:02.95
